
=== Wed Dec 19 17:10:21 2018

Packages were changed.
Update Mode: updateDependencies

The following packages were added:
  com.unity.collab-proxy@1.2.15
The following packages were updated:
  com.unity.package-manager-ui from version 1.9.11 to 2.0.3
  com.unity.postprocessing from version 2.0.10-preview to 2.0.15-preview
  com.unity.textmeshpro from version 1.2.4 to 1.3.0

=== Thu Jul  4 18:25:53 2019

Packages were changed.
Update Mode: updateDependencies

The following packages were added:
  com.unity.timeline@1.0.0
  com.unity.multiplayer-hlapi@1.0.2
  com.unity.xr.legacyinputhelpers@2.0.2
The following packages were updated:
  com.unity.collab-proxy from version 1.2.15 to 1.2.16
  com.unity.package-manager-ui from version 2.0.3 to 2.1.2
  com.unity.postprocessing from version 2.0.15-preview to 2.1.4
  com.unity.shadergraph from version 4.10.0-preview to 5.7.2
  com.unity.textmeshpro from version 1.3.0 to 2.0.1

=== Mon Oct 31 14:43:31 2022

Packages were changed.
Update Mode: updateDependencies

The following packages were added:
  com.unity.2d.sprite@1.0.0
  com.unity.2d.tilemap@1.0.0
  com.unity.ide.rider@3.0.15
  com.unity.ide.visualstudio@2.0.16
  com.unity.ide.vscode@1.2.5
  com.unity.modules.androidjni@1.0.0
  com.unity.test-framework@1.1.33
  com.unity.ugui@1.0.0
The following packages were updated:
  com.unity.collab-proxy from version 1.2.16 to 1.17.2
  com.unity.postprocessing from version 2.1.4 to 3.2.2
  com.unity.timeline from version 1.0.0 to 1.7.1
  com.unity.xr.legacyinputhelpers from version 2.0.2 to 2.1.10
The following packages were removed:
  com.unity.package-manager-ui@2.1.2
